<?xml version="1.0" encoding="UTF-8"?>
<!-- Generated by org.testng.reporters.JUnitReportReporter -->
<testsuite hostname="CHARAN" name="Academy.E2EProject.HomePage" tests="2" failures="0" timestamp="5 May 2021 15:59:35 GMT" time="53.060" errors="0">
  <testcase name="basePageNavigation" time="31.079" classname="Academy.E2EProject.HomePage"/>
  <testcase name="basePageNavigation" time="21.981" classname="Academy.E2EProject.HomePage"/>
</testsuite> <!-- Academy.E2EProject.HomePage -->
