<?xml version="1.0" encoding="UTF-8"?>
<!-- Generated by org.testng.reporters.JUnitReportReporter -->
<testsuite hostname="CHARAN" name="Academy.E2EProject.validateHome" tests="1" failures="0" timestamp="4 May 2021 03:52:39 GMT" time="0.371" errors="0">
  <testcase name="basePageNavigation" time="0.371" classname="Academy.E2EProject.validateHome"/>
</testsuite> <!-- Academy.E2EProject.validateHome -->
