<?xml version="1.0" encoding="UTF-8"?>
<!-- Generated by org.testng.reporters.JUnitReportReporter -->
<testsuite hostname="CHARAN" name="Academy.E2EProject.HomePage" tests="2" failures="0" timestamp="4 May 2021 03:52:39 GMT" time="131.200" errors="0">
  <testcase name="basePageNavigation" time="75.379" classname="Academy.E2EProject.HomePage"/>
  <testcase name="basePageNavigation" time="55.821" classname="Academy.E2EProject.HomePage"/>
</testsuite> <!-- Academy.E2EProject.HomePage -->
